Using pre-set license
Built from '2022.3/staging' branch; Version is '2022.3.11f1 (d00248457e15) revision 13632072'; Using compiler version '192829333'; Build Type 'Release'
OS: 'Windows 11  (10.0.22631) 64bit Professional' Language: 'en' Physical Memory: 12132 MB
BatchMode: 1, IsHumanControllingUs: 0, StartBugReporterOnCrash: 0, Is64bit: 1, IsPro: 1

COMMAND LINE ARGUMENTS:
D:\New folder (2)\Editor\2022.3.11f1\Editor\Unity.exe
-adb2
-batchMode
-noUpm
-name
AssetImportWorker8
-projectPath
D:/New folder (2)/project/Safety-Attitudes-at-Work-v.2/Safety-Attitudes-at-Work
-logFile
Logs/AssetImportWorker8.log
-srvPort
4974
Successfully changed project path to: D:/New folder (2)/project/Safety-Attitudes-at-Work-v.2/Safety-Attitudes-at-Work
D:/New folder (2)/project/Safety-Attitudes-at-Work-v.2/Safety-Attitudes-at-Work
[UnityMemory] Configuration Parameters - Can be set up in boot.config
    "memorysetup-bucket-allocator-granularity=16"
    "memorysetup-bucket-allocator-bucket-count=8"
    "memorysetup-bucket-allocator-block-size=33554432"
    "memorysetup-bucket-allocator-block-count=8"
    "memorysetup-main-allocator-block-size=16777216"
    "memorysetup-thread-allocator-block-size=16777216"
    "memorysetup-gfx-main-allocator-block-size=16777216"
    "memorysetup-gfx-thread-allocator-block-size=16777216"
    "memorysetup-cache-allocator-block-size=4194304"
    "memorysetup-typetree-allocator-block-size=2097152"
    "memorysetup-profiler-bucket-allocator-granularity=16"
    "memorysetup-profiler-bucket-allocator-bucket-count=8"
    "memorysetup-profiler-bucket-allocator-block-size=33554432"
    "memorysetup-profiler-bucket-allocator-block-count=8"
    "memorysetup-profiler-allocator-block-size=16777216"
    "memorysetup-profiler-editor-allocator-block-size=1048576"
    "memorysetup-temp-allocator-size-main=16777216"
    "memorysetup-job-temp-allocator-block-size=2097152"
    "memorysetup-job-temp-allocator-block-size-background=1048576"
    "memorysetup-job-temp-allocator-reduction-small-platforms=262144"
    "memorysetup-allocator-temp-initial-block-size-main=262144"
    "memorysetup-allocator-temp-initial-block-size-worker=262144"
    "memorysetup-temp-allocator-size-background-worker=32768"
    "memorysetup-temp-allocator-size-job-worker=262144"
    "memorysetup-temp-allocator-size-preload-manager=33554432"
    "memorysetup-temp-allocator-size-nav-mesh-worker=65536"
    "memorysetup-temp-allocator-size-audio-worker=65536"
    "memorysetup-temp-allocator-size-cloud-worker=32768"
    "memorysetup-temp-allocator-size-gi-baking-worker=262144"
    "memorysetup-temp-allocator-size-gfx=262144"
Player connection [15860] Host "[IP] 192.168.1.7 [Port] 0 [Flags] 2 [Guid] 2544599972 [EditorId] 2544599972 [Version] 1048832 [Id] WindowsEditor(7,DESKTOP-K1TCHV7) [Debug] 1 [PackageName] WindowsEditor [ProjectName] Editor" joined multi-casting on [225.0.0.222:54997]...

Player connection [15860] Host "[IP] 192.168.1.7 [Port] 0 [Flags] 2 [Guid] 2544599972 [EditorId] 2544599972 [Version] 1048832 [Id] WindowsEditor(7,DESKTOP-K1TCHV7) [Debug] 1 [PackageName] WindowsEditor [ProjectName] Editor" joined alternative multi-casting on [225.0.0.222:34997]...

[Physics::Module] Initialized MultithreadedJobDispatcher with 7 workers.
Refreshing native plugins compatible for Editor in 106.27 ms, found 7 plugins.
Preloading 0 native plugins for Editor in 0.00 ms.
Initialize engine version: 2022.3.11f1 (d00248457e15)
[Subsystems] Discovering subsystems at path D:/New folder (2)/Editor/2022.3.11f1/Editor/Data/Resources/UnitySubsystems
[Subsystems] Discovering subsystems at path D:/New folder (2)/project/Safety-Attitudes-at-Work-v.2/Safety-Attitudes-at-Work/Assets
GfxDevice: creating device client; threaded=0; jobified=0
Direct3D:
    Version:  Direct3D 11.0 [level 11.0]
    Renderer: NVIDIA GeForce MX130 (ID=0x174d)
    Vendor:   NVIDIA
    VRAM:     4047 MB
    Driver:   31.0.15.5176
Shader Hidden/ProbeVolume/VoxelizeScene is not supported: GPU does not support conservative rasterization
Initialize mono
Mono path[0] = 'D:/New folder (2)/Editor/2022.3.11f1/Editor/Data/Managed'
Mono path[1] = 'D:/New folder (2)/Editor/2022.3.11f1/Editor/Data/MonoBleedingEdge/lib/mono/unityjit-win32'
Mono config path = 'D:/New folder (2)/Editor/2022.3.11f1/Editor/Data/MonoBleedingEdge/etc'
Using monoOptions --debugger-agent=transport=dt_socket,embedding=1,server=y,suspend=n,address=127.0.0.1:56208
Begin MonoManager ReloadAssembly
Registering precompiled unity dll's ...
Register platform support module: D:/New folder (2)/Editor/2022.3.11f1/Editor/Data/PlaybackEngines/WindowsStandaloneSupport/UnityEditor.WindowsStandalone.Extensions.dll
Registered in 0.008074 seconds.
- Loaded All Assemblies, in  1.629 seconds
Native extension for WindowsStandalone target not found
Mono: successfully reloaded assembly
- Finished resetting the current domain, in  0.641 seconds
Domain Reload Profiling: 2269ms
	BeginReloadAssembly (969ms)
		ExecutionOrderSort (0ms)
		DisableScriptedObjects (0ms)
		BackupInstance (0ms)
		ReleaseScriptingObjects (0ms)
		CreateAndSetChildDomain (7ms)
	RebuildCommonClasses (96ms)
	RebuildNativeTypeToScriptingClass (49ms)
	initialDomainReloadingComplete (138ms)
	LoadAllAssembliesAndSetupDomain (376ms)
		LoadAssemblies (958ms)
		RebuildTransferFunctionScriptingTraits (0ms)
		AnalyzeDomain (371ms)
			TypeCache.Refresh (368ms)
				TypeCache.ScanAssembly (334ms)
			ScanForSourceGeneratedMonoScriptInfo (1ms)
			ResolveRequiredComponents (1ms)
	FinalizeReload (642ms)
		ReleaseScriptCaches (0ms)
		RebuildScriptCaches (0ms)
		SetupLoadedEditorAssemblies (487ms)
			LogAssemblyErrors (0ms)
			InitializePlatformSupportModulesInManaged (19ms)
			SetLoadedEditorAssemblies (20ms)
			RefreshPlugins (0ms)
			BeforeProcessingInitializeOnLoad (5ms)
			ProcessInitializeOnLoadAttributes (320ms)
			ProcessInitializeOnLoadMethodAttributes (122ms)
			AfterProcessingInitializeOnLoad (0ms)
			EditorAssembliesLoaded (0ms)
		ExecutionOrderSort2 (0ms)
		AwakeInstancesAfterBackupRestoration (0ms)
========================================================================
Worker process is ready to serve import requests
Begin MonoManager ReloadAssembly
- Loaded All Assemblies, in  1.630 seconds
Refreshing native plugins compatible for Editor in 7.95 ms, found 7 plugins.
Native extension for WindowsStandalone target not found
[MODES] ModeService[none].Initialize
[MODES] ModeService[none].LoadModes
[MODES] Loading mode Default (0) for mode-current-id-Safety-Attitudes-at-Work
Package Manager log level set to [2]
[Package Manager] Server::EnsureServerProcessIsRunning -- launch failed, reason: Unity was launched with the -noUpm command-line argument
[Package Manager] UpmClient::Send -- Unable to send message (not connected to UPM process).
[Package Manager] Cannot connect to Unity Package Manager local server
Mono: successfully reloaded assembly
- Finished resetting the current domain, in  1.812 seconds
Domain Reload Profiling: 3441ms
	BeginReloadAssembly (336ms)
		ExecutionOrderSort (0ms)
		DisableScriptedObjects (13ms)
		BackupInstance (0ms)
		ReleaseScriptingObjects (0ms)
		CreateAndSetChildDomain (47ms)
	RebuildCommonClasses (93ms)
	RebuildNativeTypeToScriptingClass (34ms)
	initialDomainReloadingComplete (97ms)
	LoadAllAssembliesAndSetupDomain (1067ms)
		LoadAssemblies (662ms)
		RebuildTransferFunctionScriptingTraits (0ms)
		AnalyzeDomain (597ms)
			TypeCache.Refresh (495ms)
				TypeCache.ScanAssembly (457ms)
			ScanForSourceGeneratedMonoScriptInfo (69ms)
			ResolveRequiredComponents (30ms)
	FinalizeReload (1813ms)
		ReleaseScriptCaches (0ms)
		RebuildScriptCaches (0ms)
		SetupLoadedEditorAssemblies (1394ms)
			LogAssemblyErrors (0ms)
			InitializePlatformSupportModulesInManaged (11ms)
			SetLoadedEditorAssemblies (8ms)
			RefreshPlugins (0ms)
			BeforeProcessingInitializeOnLoad (172ms)
			ProcessInitializeOnLoadAttributes (1023ms)
			ProcessInitializeOnLoadMethodAttributes (175ms)
			AfterProcessingInitializeOnLoad (5ms)
			EditorAssembliesLoaded (0ms)
		ExecutionOrderSort2 (0ms)
		AwakeInstancesAfterBackupRestoration (16ms)
Shader Hidden/ProbeVolume/VoxelizeScene is not supported: GPU does not support conservative rasterization
Launched and connected shader compiler UnityShaderCompiler.exe after 0.08 seconds
Refreshing native plugins compatible for Editor in 8.93 ms, found 7 plugins.
Preloading 0 native plugins for Editor in 0.00 ms.
Unloading 5972 Unused Serialized files (Serialized files now loaded: 0)
Unloading 101 unused Assets / (1.6 MB). Loaded Objects now: 6419.
Memory consumption went from 245.6 MB to 243.9 MB.
Total: 9.795400 ms (FindLiveObjects: 0.821100 ms CreateObjectMapping: 0.897300 ms MarkObjects: 7.056500 ms  DeleteObjects: 1.018400 ms)

AssetImportParameters requested are different than current active one (requested -> active):
  custom:container-demuxer-ogg: 62fdf1f143b41e24485cea50d1cbac27 -> 
  custom:video-codec-MediaFoundation-h265: 746d11721c4dcdbdad8f713fa42b33f4 -> 
  custom:video-decoder-ogg-theora: a1e56fd34408186e4bbccfd4996cb3dc -> 
  custom:framework-win-MediaFoundation: 216162199b28c13a410421893ffa2e32 -> 
  custom:CustomObjectIndexerAttribute: d54d2f2da18e7612c182cf67624b6b12 -> 
  custom:container-demuxer-webm: 4f35f7cbe854078d1ac9338744f61a02 -> 
  custom:container-muxer-webm: aa71ff27fc2769a1b78a27578f13a17b -> 
  custom:video-decoder-webm-vp8: 9c59270c3fd7afecdb556c50c9e8de78 -> 
  custom:SearchIndexIgnoredProperties: e643bd26f0fe6173181afceb89e7c659 -> 
  custom:AudioImporter_EditorPlatform: d09bf68614088b80899f8185d706f6e7 -> 
  custom:video-encoder-webm-vp8: eb34c28f22e8b96e1ab97ce403110664 -> 
  custom:audio-decoder-ogg-vorbis: bf7c407c2cedff20999df2af8eb42d56 -> 
  custom:audio-encoder-webm-vorbis: bf7c407c2cedff20999df2af8eb42d56 -> 
========================================================================
Received Import Request.
  Time since last request: 66538.865368 seconds.
  path: Assets/Ahmed/custom fonts
  artifactKey: Guid(45cd1b037bee6c745b763e24a7e3ae3a) Importer(815301076,1909f56bfc062723c751e8b465ee728b)
Start importing Assets/Ahmed/custom fonts using Guid(45cd1b037bee6c745b763e24a7e3ae3a) Importer(815301076,1909f56bfc062723c751e8b465ee728b)  -> (artifact id: 'eb14fab859b02159b35a2352655eef95') in 0.002579 seconds
Number of updated asset objects reloaded before import = 0
Number of asset objects unloaded after import = 0
========================================================================
Received Import Request.
  Time since last request: 18.476595 seconds.
  path: Assets/Ahmed/sprites/Assets
  artifactKey: Guid(28fb072cf3e25894c845cf5f9c4d25ff) Importer(815301076,1909f56bfc062723c751e8b465ee728b)
Start importing Assets/Ahmed/sprites/Assets using Guid(28fb072cf3e25894c845cf5f9c4d25ff) Importer(815301076,1909f56bfc062723c751e8b465ee728b)  -> (artifact id: '8438ac97787b36e97ae240f8d38c6103') in 0.000492 seconds
Number of updated asset objects reloaded before import = 0
Number of asset objects unloaded after import = 0
========================================================================
Received Import Request.
  Time since last request: 4.458122 seconds.
  path: Assets/Ahmed/sprites/Assets/ExampleAssets
  artifactKey: Guid(990f5c2df70993f4987a388ca178996a) Importer(815301076,1909f56bfc062723c751e8b465ee728b)
Start importing Assets/Ahmed/sprites/Assets/ExampleAssets using Guid(990f5c2df70993f4987a388ca178996a) Importer(815301076,1909f56bfc062723c751e8b465ee728b)  -> (artifact id: 'e3d0d7d63b2be0732c484db917cb0f7b') in 0.000615 seconds
Number of updated asset objects reloaded before import = 0
Number of asset objects unloaded after import = 0
========================================================================
Received Import Request.
  Time since last request: 66.882039 seconds.
  path: Assets/New Nahil/G.S
  artifactKey: Guid(8a97eae0f879b9246a305ce5174b3b8b) Importer(815301076,1909f56bfc062723c751e8b465ee728b)
Start importing Assets/New Nahil/G.S using Guid(8a97eae0f879b9246a305ce5174b3b8b) Importer(815301076,1909f56bfc062723c751e8b465ee728b)  -> (artifact id: '63d2ed9bd23dce4343c5bfd06f8b9560') in 0.000539 seconds
Number of updated asset objects reloaded before import = 0
Number of asset objects unloaded after import = 0
========================================================================
Received Import Request.
  Time since last request: 1.701535 seconds.
  path: Assets/New Nahil/G.S/General Scens.unity
  artifactKey: Guid(76ceaf01aaec27c45b4f3c72e415dc02) Importer(815301076,1909f56bfc062723c751e8b465ee728b)
Start importing Assets/New Nahil/G.S/General Scens.unity using Guid(76ceaf01aaec27c45b4f3c72e415dc02) Importer(815301076,1909f56bfc062723c751e8b465ee728b)  -> (artifact id: '3cf836587990966bf36ab47b00e5c902') in 0.000536 seconds
Number of updated asset objects reloaded before import = 0
Number of asset objects unloaded after import = 0
========================================================================
Received Import Request.
  Time since last request: 579.977462 seconds.
  path: Assets/Ahmed/sprites/Safety Attitudes at Work-logos_white 1.png
  artifactKey: Guid(0ccee578fbe318745b8c86d23097824e) Importer(815301076,1909f56bfc062723c751e8b465ee728b)
Start importing Assets/Ahmed/sprites/Safety Attitudes at Work-logos_white 1.png using Guid(0ccee578fbe318745b8c86d23097824e) Importer(815301076,1909f56bfc062723c751e8b465ee728b)  -> (artifact id: '3427442b5c3e5f5f818fcc3a86cefda8') in 0.237148 seconds
Number of updated asset objects reloaded before import = 0
Number of asset objects unloaded after import = 1
========================================================================
Received Import Request.
  Time since last request: 30.562759 seconds.
  path: Assets/Ahmed/sprites/Materials
  artifactKey: Guid(a1c7770ebefde4d40a28a95ee368de3d) Importer(815301076,1909f56bfc062723c751e8b465ee728b)
Start importing Assets/Ahmed/sprites/Materials using Guid(a1c7770ebefde4d40a28a95ee368de3d) Importer(815301076,1909f56bfc062723c751e8b465ee728b)  -> (artifact id: '95a04b387fe17a0bf335e6011167bd3a') in 0.000689 seconds
Number of updated asset objects reloaded before import = 0
Number of asset objects unloaded after import = 0
========================================================================
Received Import Request.
  Time since last request: 0.229394 seconds.
  path: Assets/Ahmed/sprites/Materials/Safety Attitudes at Work-logos_white 1.mat
  artifactKey: Guid(af654a49094a0a34685b7ae76cbfec41) Importer(815301076,1909f56bfc062723c751e8b465ee728b)
Start importing Assets/Ahmed/sprites/Materials/Safety Attitudes at Work-logos_white 1.mat using Guid(af654a49094a0a34685b7ae76cbfec41) Importer(815301076,1909f56bfc062723c751e8b465ee728b) Error assigning 3D texture to 2D texture property '_MainTex': Dimensions must match
UnityEngine.StackTraceUtility:ExtractStackTrace ()
UnityEngine.Material:HasProperty (string)
UnityEditor.Utils.PerformanceChecks:CheckMaterial (UnityEngine.Material,UnityEditor.BuildTarget)
UnityEditor.MaterialEditor:PropertiesChanged ()
UnityEditor.MaterialEditor:OnEnable ()
UnityEditor.Editor:CreateEditorWithContext (UnityEngine.Object[],UnityEngine.Object,System.Type)
UnityEditor.Editor:CreateEditor (UnityEngine.Object,System.Type)
UnityEditor.Editor:CreateEditor (UnityEngine.Object)
UnityEditor.AssetPreviewUpdater:CreatePreview (UnityEngine.Object,UnityEngine.Object[],string,int,int)
UnityEditor.AssetPreviewUpdater:CreatePreviewForAsset (UnityEngine.Object,UnityEngine.Object[],string)

[C:\build\output\unity\unity\Runtime\Shaders\ShaderImpl\ShaderTextureProperty.h line 41]

Error assigning 3D texture to 2D texture property '_BaseMap': Dimensions must match
UnityEngine.StackTraceUtility:ExtractStackTrace ()
UnityEngine.Material:HasProperty (string)
UnityEditor.Utils.PerformanceChecks:CheckMaterial (UnityEngine.Material,UnityEditor.BuildTarget)
UnityEditor.MaterialEditor:PropertiesChanged ()
UnityEditor.MaterialEditor:OnEnable ()
UnityEditor.Editor:CreateEditorWithContext (UnityEngine.Object[],UnityEngine.Object,System.Type)
UnityEditor.Editor:CreateEditor (UnityEngine.Object,System.Type)
UnityEditor.Editor:CreateEditor (UnityEngine.Object)
UnityEditor.AssetPreviewUpdater:CreatePreview (UnityEngine.Object,UnityEngine.Object[],string,int,int)
UnityEditor.AssetPreviewUpdater:CreatePreviewForAsset (UnityEngine.Object,UnityEngine.Object[],string)

[C:\build\output\unity\unity\Runtime\Shaders\ShaderImpl\ShaderTextureProperty.h line 41]

Error assigning 3D texture to 2D texture property '_MainTex': Dimensions must match
UnityEngine.StackTraceUtility:ExtractStackTrace ()
UnityEngine.Material:SetTexture (string,UnityEngine.Texture)
UnityEditor.BaseShaderGUI:SetMaterialKeywords (UnityEngine.Material,System.Action`1<UnityEngine.Material>,System.Action`1<UnityEngine.Material>) (at ./Library/PackageCache/com.unity.render-pipelines.universal@14.0.9/Editor/ShaderGUI/BaseShaderGUI.cs:832)
UnityEditor.Rendering.Universal.ShaderGUI.LitShader:ValidateMaterial (UnityEngine.Material) (at ./Library/PackageCache/com.unity.render-pipelines.universal@14.0.9/Editor/ShaderGUI/Shaders/LitShader.cs:30)
UnityEditor.ShaderGUIUtility:ValidateMaterial (UnityEngine.Material)
UnityEngine.Material:HasProperty (string)
UnityEditor.Utils.PerformanceChecks:CheckMaterial (UnityEngine.Material,UnityEditor.BuildTarget)
UnityEditor.MaterialEditor:PropertiesChanged ()
UnityEditor.MaterialEditor:OnEnable ()
UnityEditor.Editor:CreateEditorWithContext (UnityEngine.Object[],UnityEngine.Object,System.Type)
UnityEditor.Editor:CreateEditor (UnityEngine.Object,System.Type)
UnityEditor.Editor:CreateEditor (UnityEngine.Object)
UnityEditor.AssetPreviewUpdater:CreatePreview (UnityEngine.Object,UnityEngine.Object[],string,int,int)
UnityEditor.AssetPreviewUpdater:CreatePreviewForAsset (UnityEngine.Object,UnityEngine.Object[],string)

[./Library/PackageCache/com.unity.render-pipelines.universal@14.0.9/Editor/ShaderGUI/BaseShaderGUI.cs line 832]

 -> (artifact id: 'ba8ccddaf1d0164f56ac2b3ca4a2059b') in 0.284925 seconds
Number of updated asset objects reloaded before import = 0
Number of asset objects unloaded after import = 4
========================================================================
Received Import Request.
  Time since last request: 99.669674 seconds.
  path: Assets/Ahmed/sprites/Safety Attitudes at Work-logos_white 1.png
  artifactKey: Guid(0ccee578fbe318745b8c86d23097824e) Importer(815301076,1909f56bfc062723c751e8b465ee728b)
Start importing Assets/Ahmed/sprites/Safety Attitudes at Work-logos_white 1.png using Guid(0ccee578fbe318745b8c86d23097824e) Importer(815301076,1909f56bfc062723c751e8b465ee728b)  -> (artifact id: '8c1f3687c0d2fa5563a6b0ef0812d23d') in 0.027105 seconds
Number of updated asset objects reloaded before import = 0
Number of asset objects unloaded after import = 2
========================================================================
Received Import Request.
  Time since last request: 35.166328 seconds.
  path: Assets/Ahmed/sprites/Safety Attitudes at Work-logos_white 1.png
  artifactKey: Guid(0ccee578fbe318745b8c86d23097824e) Importer(815301076,1909f56bfc062723c751e8b465ee728b)
Start importing Assets/Ahmed/sprites/Safety Attitudes at Work-logos_white 1.png using Guid(0ccee578fbe318745b8c86d23097824e) Importer(815301076,1909f56bfc062723c751e8b465ee728b)  -> (artifact id: 'be4f656417161eba91416c2df13f93b5') in 0.010939 seconds
Number of updated asset objects reloaded before import = 0
Number of asset objects unloaded after import = 2
========================================================================
Received Import Request.
  Time since last request: 26.271424 seconds.
  path: Assets/Ahmed/sprites/Safety Attitudes at Work-logos_white 1.png
  artifactKey: Guid(0ccee578fbe318745b8c86d23097824e) Importer(815301076,1909f56bfc062723c751e8b465ee728b)
Start importing Assets/Ahmed/sprites/Safety Attitudes at Work-logos_white 1.png using Guid(0ccee578fbe318745b8c86d23097824e) Importer(815301076,1909f56bfc062723c751e8b465ee728b)  -> (artifact id: '2f4cc55bd071cc20a7a5eac73621f66f') in 0.036507 seconds
Number of updated asset objects reloaded before import = 0
Number of asset objects unloaded after import = 2
========================================================================
Received Import Request.
  Time since last request: 39.551567 seconds.
  path: Assets/Ahmed/sprites/Safety Attitudes at Work-logos_white 1.png
  artifactKey: Guid(0ccee578fbe318745b8c86d23097824e) Importer(815301076,1909f56bfc062723c751e8b465ee728b)
Start importing Assets/Ahmed/sprites/Safety Attitudes at Work-logos_white 1.png using Guid(0ccee578fbe318745b8c86d23097824e) Importer(815301076,1909f56bfc062723c751e8b465ee728b)  -> (artifact id: 'f12d43e83e7c96881222d285879787f7') in 0.039818 seconds
Number of updated asset objects reloaded before import = 0
Number of asset objects unloaded after import = 1
========================================================================
Received Import Request.
  Time since last request: 13.100319 seconds.
  path: Assets/Ahmed/sprites/Safety Attitudes at Work-logos_white 1.png
  artifactKey: Guid(0ccee578fbe318745b8c86d23097824e) Importer(815301076,1909f56bfc062723c751e8b465ee728b)
Start importing Assets/Ahmed/sprites/Safety Attitudes at Work-logos_white 1.png using Guid(0ccee578fbe318745b8c86d23097824e) Importer(815301076,1909f56bfc062723c751e8b465ee728b)  -> (artifact id: '078455b600f3ff4879815be3dd9e8525') in 0.024649 seconds
Number of updated asset objects reloaded before import = 0
Number of asset objects unloaded after import = 2
========================================================================
Received Import Request.
  Time since last request: 38.530535 seconds.
  path: Assets/Ahmed/sprites/Safety Attitudes at Work-logos_white 1.png
  artifactKey: Guid(0ccee578fbe318745b8c86d23097824e) Importer(815301076,1909f56bfc062723c751e8b465ee728b)
Start importing Assets/Ahmed/sprites/Safety Attitudes at Work-logos_white 1.png using Guid(0ccee578fbe318745b8c86d23097824e) Importer(815301076,1909f56bfc062723c751e8b465ee728b)  -> (artifact id: 'eddd6038bea8f184b0fb625e9b80c42c') in 0.094417 seconds
Number of updated asset objects reloaded before import = 0
Number of asset objects unloaded after import = 3
========================================================================
Received Import Request.
  Time since last request: 174.975459 seconds.
  path: Assets/Ahmed/sprites/Safety Attitudes at Work-logos_white 1.png
  artifactKey: Guid(0ccee578fbe318745b8c86d23097824e) Importer(815301076,1909f56bfc062723c751e8b465ee728b)
Start importing Assets/Ahmed/sprites/Safety Attitudes at Work-logos_white 1.png using Guid(0ccee578fbe318745b8c86d23097824e) Importer(815301076,1909f56bfc062723c751e8b465ee728b)  -> (artifact id: '7a10932aab26c74abd5032160c22596e') in 0.070682 seconds
Number of updated asset objects reloaded before import = 0
Number of asset objects unloaded after import = 2
========================================================================
Received Import Request.
  Time since last request: 7.728580 seconds.
  path: Assets/Ahmed/sprites/Materials/Safety Attitudes at Work-logos_white 1.mat
  artifactKey: Guid(af654a49094a0a34685b7ae76cbfec41) Importer(815301076,1909f56bfc062723c751e8b465ee728b)
Start importing Assets/Ahmed/sprites/Materials/Safety Attitudes at Work-logos_white 1.mat using Guid(af654a49094a0a34685b7ae76cbfec41) Importer(815301076,1909f56bfc062723c751e8b465ee728b)  -> (artifact id: 'dfe1520fad78b95e83bf40df466b26b1') in 0.010382 seconds
Number of updated asset objects reloaded before import = 0
Number of asset objects unloaded after import = 2
========================================================================
Received Import Request.
  Time since last request: 0.000030 seconds.
  path: Assets/Ahmed/sprites/Materials/Safety Attitudes at Work-logos_white 3.mat
  artifactKey: Guid(2ab43fea1f752db419bca83beb46bc36) Importer(815301076,1909f56bfc062723c751e8b465ee728b)
Start importing Assets/Ahmed/sprites/Materials/Safety Attitudes at Work-logos_white 3.mat using Guid(2ab43fea1f752db419bca83beb46bc36) Importer(815301076,1909f56bfc062723c751e8b465ee728b)  -> (artifact id: '2991b0132859551dd67e8b1a4be5756e') in 0.014780 seconds
Number of updated asset objects reloaded before import = 0
Number of asset objects unloaded after import = 3
========================================================================
Received Import Request.
  Time since last request: 0.000043 seconds.
  path: Assets/Ahmed/sprites/Materials/Safety Attitudes at Work-logos_white 4.mat
  artifactKey: Guid(703ca346dad1c224d9ac62dbfc3e28d9) Importer(815301076,1909f56bfc062723c751e8b465ee728b)
Start importing Assets/Ahmed/sprites/Materials/Safety Attitudes at Work-logos_white 4.mat using Guid(703ca346dad1c224d9ac62dbfc3e28d9) Importer(815301076,1909f56bfc062723c751e8b465ee728b)  -> (artifact id: '162d373ed9df1df872c8139169081479') in 0.015394 seconds
Number of updated asset objects reloaded before import = 0
Number of asset objects unloaded after import = 3
========================================================================
Received Import Request.
  Time since last request: 0.000032 seconds.
  path: Assets/Ahmed/sprites/Materials/Safety Attitudes at Work-logos_white 5.mat
  artifactKey: Guid(28199bc835f66294aa4d8143cf6d5e66) Importer(815301076,1909f56bfc062723c751e8b465ee728b)
Start importing Assets/Ahmed/sprites/Materials/Safety Attitudes at Work-logos_white 5.mat using Guid(28199bc835f66294aa4d8143cf6d5e66) Importer(815301076,1909f56bfc062723c751e8b465ee728b)  -> (artifact id: 'c9ff6915cd16ab801d1e1cd38e7adf6f') in 0.015072 seconds
Number of updated asset objects reloaded before import = 0
Number of asset objects unloaded after import = 3
Editor requested this worker to shutdown with reason: Scaling down because of idle timeout
TcpMessagingSession - receive error: operation aborted. errorcode: 995, details: The I/O operation has been aborted because of either a thread exit or an application request.
AssetImportWorker is now disconnected from the server
Process exiting
Exiting without the bug reporter. Application will terminate with return code 0