Using pre-set license
Built from '2022.3/staging' branch; Version is '2022.3.11f1 (d00248457e15) revision 13632072'; Using compiler version '192829333'; Build Type 'Release'
OS: 'Windows 10  (10.0.19043) 64bit Professional' Language: 'en' Physical Memory: 15724 MB
BatchMode: 1, IsHumanControllingUs: 0, StartBugReporterOnCrash: 0, Is64bit: 1, IsPro: 1

COMMAND LINE ARGUMENTS:
C:\Program Files\Unity\Hub\Editor\2022.3.11f1\Editor\Unity.exe
-adb2
-batchMode
-noUpm
-name
AssetImportWorker2
-projectPath
C:/Users/Mochii/Desktop/Graduated Project/unity project/Safety-Attitudes-at-Work-v.2/Safety-Attitudes-at-Work
-logFile
Logs/AssetImportWorker2.log
-srvPort
1852
Successfully changed project path to: C:/Users/Mochii/Desktop/Graduated Project/unity project/Safety-Attitudes-at-Work-v.2/Safety-Attitudes-at-Work
C:/Users/Mochii/Desktop/Graduated Project/unity project/Safety-Attitudes-at-Work-v.2/Safety-Attitudes-at-Work
[UnityMemory] Configuration Parameters - Can be set up in boot.config
    "memorysetup-bucket-allocator-granularity=16"
    "memorysetup-bucket-allocator-bucket-count=8"
    "memorysetup-bucket-allocator-block-size=33554432"
    "memorysetup-bucket-allocator-block-count=8"
    "memorysetup-main-allocator-block-size=16777216"
    "memorysetup-thread-allocator-block-size=16777216"
    "memorysetup-gfx-main-allocator-block-size=16777216"
    "memorysetup-gfx-thread-allocator-block-size=16777216"
    "memorysetup-cache-allocator-block-size=4194304"
    "memorysetup-typetree-allocator-block-size=2097152"
    "memorysetup-profiler-bucket-allocator-granularity=16"
    "memorysetup-profiler-bucket-allocator-bucket-count=8"
    "memorysetup-profiler-bucket-allocator-block-size=33554432"
    "memorysetup-profiler-bucket-allocator-block-count=8"
    "memorysetup-profiler-allocator-block-size=16777216"
    "memorysetup-profiler-editor-allocator-block-size=1048576"
    "memorysetup-temp-allocator-size-main=16777216"
    "memorysetup-job-temp-allocator-block-size=2097152"
    "memorysetup-job-temp-allocator-block-size-background=1048576"
    "memorysetup-job-temp-allocator-reduction-small-platforms=262144"
    "memorysetup-allocator-temp-initial-block-size-main=262144"
    "memorysetup-allocator-temp-initial-block-size-worker=262144"
    "memorysetup-temp-allocator-size-background-worker=32768"
    "memorysetup-temp-allocator-size-job-worker=262144"
    "memorysetup-temp-allocator-size-preload-manager=33554432"
    "memorysetup-temp-allocator-size-nav-mesh-worker=65536"
    "memorysetup-temp-allocator-size-audio-worker=65536"
    "memorysetup-temp-allocator-size-cloud-worker=32768"
    "memorysetup-temp-allocator-size-gi-baking-worker=262144"
    "memorysetup-temp-allocator-size-gfx=262144"
Player connection [19240] Host "[IP] 192.168.1.6 [Port] 0 [Flags] 2 [Guid] 4130594401 [EditorId] 4130594401 [Version] 1048832 [Id] WindowsEditor(7,DESKTOP-NK3A3VS) [Debug] 1 [PackageName] WindowsEditor [ProjectName] Editor" joined multi-casting on [225.0.0.222:54997]...

Player connection [19240] Host "[IP] 192.168.1.6 [Port] 0 [Flags] 2 [Guid] 4130594401 [EditorId] 4130594401 [Version] 1048832 [Id] WindowsEditor(7,DESKTOP-NK3A3VS) [Debug] 1 [PackageName] WindowsEditor [ProjectName] Editor" joined alternative multi-casting on [225.0.0.222:34997]...

[Physics::Module] Initialized MultithreadedJobDispatcher with 15 workers.
Refreshing native plugins compatible for Editor in 28.79 ms, found 7 plugins.
Preloading 0 native plugins for Editor in 0.00 ms.
Initialize engine version: 2022.3.11f1 (d00248457e15)
[Subsystems] Discovering subsystems at path C:/Program Files/Unity/Hub/Editor/2022.3.11f1/Editor/Data/Resources/UnitySubsystems
[Subsystems] Discovering subsystems at path C:/Users/Mochii/Desktop/Graduated Project/unity project/Safety-Attitudes-at-Work-v.2/Safety-Attitudes-at-Work/Assets
GfxDevice: creating device client; threaded=0; jobified=0
Direct3D:
    Version:  Direct3D 11.0 [level 11.1]
    Renderer: NVIDIA GeForce RTX 3050 Laptop GPU (ID=0x25a2)
    Vendor:   NVIDIA
    VRAM:     3977 MB
    Driver:   31.0.15.4633
Initialize mono
Mono path[0] = 'C:/Program Files/Unity/Hub/Editor/2022.3.11f1/Editor/Data/Managed'
Mono path[1] = 'C:/Program Files/Unity/Hub/Editor/2022.3.11f1/Editor/Data/MonoBleedingEdge/lib/mono/unityjit-win32'
Mono config path = 'C:/Program Files/Unity/Hub/Editor/2022.3.11f1/Editor/Data/MonoBleedingEdge/etc'
Using monoOptions --debugger-agent=transport=dt_socket,embedding=1,server=y,suspend=n,address=127.0.0.1:56512
Begin MonoManager ReloadAssembly
Registering precompiled unity dll's ...
Register platform support module: C:/Program Files/Unity/Hub/Editor/2022.3.11f1/Editor/Data/PlaybackEngines/WebGLSupport/UnityEditor.WebGL.Extensions.dll
Register platform support module: C:/Program Files/Unity/Hub/Editor/2022.3.11f1/Editor/Data/PlaybackEngines/WindowsStandaloneSupport/UnityEditor.WindowsStandalone.Extensions.dll
Registered in 0.025814 seconds.
- Loaded All Assemblies, in  0.792 seconds
Native extension for WindowsStandalone target not found
Native extension for WebGL target not found
Mono: successfully reloaded assembly
- Finished resetting the current domain, in  0.568 seconds
Domain Reload Profiling: 1355ms
	BeginReloadAssembly (217ms)
		ExecutionOrderSort (0ms)
		DisableScriptedObjects (0ms)
		BackupInstance (0ms)
		ReleaseScriptingObjects (0ms)
		CreateAndSetChildDomain (1ms)
	RebuildCommonClasses (81ms)
	RebuildNativeTypeToScriptingClass (28ms)
	initialDomainReloadingComplete (143ms)
	LoadAllAssembliesAndSetupDomain (318ms)
		LoadAssemblies (212ms)
		RebuildTransferFunctionScriptingTraits (0ms)
		AnalyzeDomain (313ms)
			TypeCache.Refresh (311ms)
				TypeCache.ScanAssembly (288ms)
			ScanForSourceGeneratedMonoScriptInfo (1ms)
			ResolveRequiredComponents (1ms)
	FinalizeReload (569ms)
		ReleaseScriptCaches (0ms)
		RebuildScriptCaches (0ms)
		SetupLoadedEditorAssemblies (442ms)
			LogAssemblyErrors (0ms)
			InitializePlatformSupportModulesInManaged (29ms)
			SetLoadedEditorAssemblies (9ms)
			RefreshPlugins (0ms)
			BeforeProcessingInitializeOnLoad (5ms)
			ProcessInitializeOnLoadAttributes (301ms)
			ProcessInitializeOnLoadMethodAttributes (98ms)
			AfterProcessingInitializeOnLoad (0ms)
			EditorAssembliesLoaded (0ms)
		ExecutionOrderSort2 (0ms)
		AwakeInstancesAfterBackupRestoration (0ms)
========================================================================
Worker process is ready to serve import requests
Begin MonoManager ReloadAssembly
- Loaded All Assemblies, in  1.510 seconds
Refreshing native plugins compatible for Editor in 11.83 ms, found 7 plugins.
Native extension for WindowsStandalone target not found
Native extension for WebGL target not found
[MODES] ModeService[none].Initialize
[MODES] ModeService[none].LoadModes
[MODES] Loading mode Default (0) for mode-current-id-Safety-Attitudes-at-Work
Package Manager log level set to [2]
[Package Manager] Server::EnsureServerProcessIsRunning -- launch failed, reason: Unity was launched with the -noUpm command-line argument
[Package Manager] UpmClient::Send -- Unable to send message (not connected to UPM process).
[Package Manager] Cannot connect to Unity Package Manager local server
Mono: successfully reloaded assembly
- Finished resetting the current domain, in  1.557 seconds
Domain Reload Profiling: 3057ms
	BeginReloadAssembly (286ms)
		ExecutionOrderSort (0ms)
		DisableScriptedObjects (10ms)
		BackupInstance (0ms)
		ReleaseScriptingObjects (0ms)
		CreateAndSetChildDomain (39ms)
	RebuildCommonClasses (61ms)
	RebuildNativeTypeToScriptingClass (18ms)
	initialDomainReloadingComplete (87ms)
	LoadAllAssembliesAndSetupDomain (1048ms)
		LoadAssemblies (791ms)
		RebuildTransferFunctionScriptingTraits (0ms)
		AnalyzeDomain (431ms)
			TypeCache.Refresh (365ms)
				TypeCache.ScanAssembly (330ms)
			ScanForSourceGeneratedMonoScriptInfo (47ms)
			ResolveRequiredComponents (18ms)
	FinalizeReload (1558ms)
		ReleaseScriptCaches (0ms)
		RebuildScriptCaches (0ms)
		SetupLoadedEditorAssemblies (1262ms)
			LogAssemblyErrors (0ms)
			InitializePlatformSupportModulesInManaged (19ms)
			SetLoadedEditorAssemblies (10ms)
			RefreshPlugins (0ms)
			BeforeProcessingInitializeOnLoad (209ms)
			ProcessInitializeOnLoadAttributes (839ms)
			ProcessInitializeOnLoadMethodAttributes (164ms)
			AfterProcessingInitializeOnLoad (20ms)
			EditorAssembliesLoaded (0ms)
		ExecutionOrderSort2 (0ms)
		AwakeInstancesAfterBackupRestoration (10ms)
Launched and connected shader compiler UnityShaderCompiler.exe after 0.08 seconds
Refreshing native plugins compatible for Editor in 13.09 ms, found 7 plugins.
Preloading 0 native plugins for Editor in 0.00 ms.
Unloading 5903 Unused Serialized files (Serialized files now loaded: 0)
Unloading 101 unused Assets / (1.6 MB). Loaded Objects now: 6344.
Memory consumption went from 243.4 MB to 241.8 MB.
Total: 10.193200 ms (FindLiveObjects: 1.351800 ms CreateObjectMapping: 0.510200 ms MarkObjects: 7.375900 ms  DeleteObjects: 0.953800 ms)

AssetImportParameters requested are different than current active one (requested -> active):
  custom:container-demuxer-ogg: 62fdf1f143b41e24485cea50d1cbac27 -> 
  custom:video-decoder-ogg-theora: a1e56fd34408186e4bbccfd4996cb3dc -> 
  custom:framework-win-MediaFoundation: 216162199b28c13a410421893ffa2e32 -> 
  custom:container-demuxer-webm: 4f35f7cbe854078d1ac9338744f61a02 -> 
  custom:container-muxer-webm: aa71ff27fc2769a1b78a27578f13a17b -> 
  custom:video-decoder-webm-vp8: 9c59270c3fd7afecdb556c50c9e8de78 -> 
  custom:AudioImporter_EditorPlatform: d09bf68614088b80899f8185d706f6e7 -> 
  custom:video-encoder-webm-vp8: eb34c28f22e8b96e1ab97ce403110664 -> 
  custom:audio-decoder-ogg-vorbis: bf7c407c2cedff20999df2af8eb42d56 -> 
  custom:audio-encoder-webm-vorbis: bf7c407c2cedff20999df2af8eb42d56 -> 
========================================================================
Received Import Request.
  Time since last request: 11285.401071 seconds.
  path: Assets/New Nahil/models/Characters/Materials/Ch17_body.mat
  artifactKey: Guid(1dc6d3d7fab46e2429e3a3ee5118199d) Importer(815301076,1909f56bfc062723c751e8b465ee728b)
Start importing Assets/New Nahil/models/Characters/Materials/Ch17_body.mat using Guid(1dc6d3d7fab46e2429e3a3ee5118199d) Importer(815301076,1909f56bfc062723c751e8b465ee728b)  -> (artifact id: '9a9fa3e1be77bc28802360e663e2853b') in 0.593028 seconds
Number of updated asset objects reloaded before import = 0
Number of asset objects unloaded after import = 5
========================================================================
Received Import Request.
  Time since last request: 0.000049 seconds.
  path: Assets/New Nahil/models/Characters/Materials/Ch08_hair.mat
  artifactKey: Guid(16ff2c681d2009048be9946d54a7fddc) Importer(815301076,1909f56bfc062723c751e8b465ee728b)
Start importing Assets/New Nahil/models/Characters/Materials/Ch08_hair.mat using Guid(16ff2c681d2009048be9946d54a7fddc) Importer(815301076,1909f56bfc062723c751e8b465ee728b)  -> (artifact id: 'ffef18d879b2882ba496ba32a7b7d1f9') in 0.093495 seconds
Number of updated asset objects reloaded before import = 0
Number of asset objects unloaded after import = 4
========================================================================
Received Prepare
Refreshing native plugins compatible for Editor in 17.68 ms, found 7 plugins.
Preloading 0 native plugins for Editor in 0.00 ms.
Unloading 15 Unused Serialized files (Serialized files now loaded: 0)
Unloading 15 unused Assets / (1.6 MB). Loaded Objects now: 6478.
Memory consumption went from 120.3 MB to 118.7 MB.
Total: 9.955300 ms (FindLiveObjects: 0.787900 ms CreateObjectMapping: 0.473200 ms MarkObjects: 7.772000 ms  DeleteObjects: 0.919900 ms)

Prepare: number of updated asset objects reloaded= 0
AssetImportParameters requested are different than current active one (requested -> active):
  custom:container-demuxer-ogg: 62fdf1f143b41e24485cea50d1cbac27 -> 
  custom:video-decoder-ogg-theora: a1e56fd34408186e4bbccfd4996cb3dc -> 
  custom:framework-win-MediaFoundation: 216162199b28c13a410421893ffa2e32 -> 
  custom:CustomObjectIndexerAttribute: d54d2f2da18e7612c182cf67624b6b12 -> 
  custom:container-demuxer-webm: 4f35f7cbe854078d1ac9338744f61a02 -> 
  custom:container-muxer-webm: aa71ff27fc2769a1b78a27578f13a17b -> 
  custom:video-decoder-webm-vp8: 9c59270c3fd7afecdb556c50c9e8de78 -> 
  custom:SearchIndexIgnoredProperties: e643bd26f0fe6173181afceb89e7c659 -> 
  custom:AudioImporter_EditorPlatform: d09bf68614088b80899f8185d706f6e7 -> 
  custom:video-encoder-webm-vp8: eb34c28f22e8b96e1ab97ce403110664 -> 
  custom:audio-decoder-ogg-vorbis: bf7c407c2cedff20999df2af8eb42d56 -> 
  custom:audio-encoder-webm-vorbis: bf7c407c2cedff20999df2af8eb42d56 -> 
========================================================================
Received Import Request.
  Time since last request: 76.661116 seconds.
  path: Assets/New Nahil/Level-1/L1-Main S/L1-Main S.unity
  artifactKey: Guid(80cec7873b0236b4daaf8ba9717b6bbe) Importer(815301076,1909f56bfc062723c751e8b465ee728b)
Start importing Assets/New Nahil/Level-1/L1-Main S/L1-Main S.unity using Guid(80cec7873b0236b4daaf8ba9717b6bbe) Importer(815301076,1909f56bfc062723c751e8b465ee728b)  -> (artifact id: '9b759dbfd4225b93a37d4130bfb1c234') in 0.012410 seconds
Number of updated asset objects reloaded before import = 0
Number of asset objects unloaded after import = 0
========================================================================
Received Import Request.
  Time since last request: 8.564732 seconds.
  path: Assets/New Nahil/Level-1/L1-S1/L1-S1.unity
  artifactKey: Guid(6c1897d6961d83049b01328e62be619f) Importer(815301076,1909f56bfc062723c751e8b465ee728b)
Start importing Assets/New Nahil/Level-1/L1-S1/L1-S1.unity using Guid(6c1897d6961d83049b01328e62be619f) Importer(815301076,1909f56bfc062723c751e8b465ee728b)  -> (artifact id: 'aa3d8e08cd9bd102b8eda91e1ad98790') in 0.001014 seconds
Number of updated asset objects reloaded before import = 0
Number of asset objects unloaded after import = 0
========================================================================
Received Import Request.
  Time since last request: 45.944932 seconds.
  path: Assets/New Nahil/Level-2/L2-S1/L2-S1.unity
  artifactKey: Guid(e03213cf7c5b06e47abe6e5c3763bde4) Importer(815301076,1909f56bfc062723c751e8b465ee728b)
Start importing Assets/New Nahil/Level-2/L2-S1/L2-S1.unity using Guid(e03213cf7c5b06e47abe6e5c3763bde4) Importer(815301076,1909f56bfc062723c751e8b465ee728b)  -> (artifact id: '3f19b228482b2792a5c0d8cca6b9bb38') in 0.001022 seconds
Number of updated asset objects reloaded before import = 0
Number of asset objects unloaded after import = 0
========================================================================
Received Import Request.
  Time since last request: 38.540258 seconds.
  path: Assets/New Nahil/Level-1/L1-S1/L1-S1.unity
  artifactKey: Guid(6c1897d6961d83049b01328e62be619f) Importer(815301076,1909f56bfc062723c751e8b465ee728b)
Start importing Assets/New Nahil/Level-1/L1-S1/L1-S1.unity using Guid(6c1897d6961d83049b01328e62be619f) Importer(815301076,1909f56bfc062723c751e8b465ee728b)  -> (artifact id: '048a863094f62f2e985fa869cfbabf9f') in 0.001001 seconds
Number of updated asset objects reloaded before import = 0
Number of asset objects unloaded after import = 0
========================================================================
Received Import Request.
  Time since last request: 19.238873 seconds.
  path: Assets/New Nahil/G.S/General Scens.unity
  artifactKey: Guid(76ceaf01aaec27c45b4f3c72e415dc02) Importer(815301076,1909f56bfc062723c751e8b465ee728b)
Start importing Assets/New Nahil/G.S/General Scens.unity using Guid(76ceaf01aaec27c45b4f3c72e415dc02) Importer(815301076,1909f56bfc062723c751e8b465ee728b)  -> (artifact id: 'ef3236122d843b79dcbe6bc16fcef896') in 0.001015 seconds
Number of updated asset objects reloaded before import = 0
Number of asset objects unloaded after import = 0
========================================================================
Received Import Request.
  Time since last request: 16.628491 seconds.
  path: Assets/New Nahil/Level-1/L1-S2/L1-S2.unity
  artifactKey: Guid(1a43d2ab1b8b4e640a9bf26e398f3af2) Importer(815301076,1909f56bfc062723c751e8b465ee728b)
Start importing Assets/New Nahil/Level-1/L1-S2/L1-S2.unity using Guid(1a43d2ab1b8b4e640a9bf26e398f3af2) Importer(815301076,1909f56bfc062723c751e8b465ee728b)  -> (artifact id: 'd7327fb12bd61ff60482d69a69d3de2c') in 0.000837 seconds
Number of updated asset objects reloaded before import = 0
Number of asset objects unloaded after import = 0
========================================================================
Received Import Request.
  Time since last request: 18.156506 seconds.
  path: Assets/New Nahil/Level-2/L2-Main S/L2-Main S.unity
  artifactKey: Guid(ee066e0835c01f741be206d47e438b4f) Importer(815301076,1909f56bfc062723c751e8b465ee728b)
Start importing Assets/New Nahil/Level-2/L2-Main S/L2-Main S.unity using Guid(ee066e0835c01f741be206d47e438b4f) Importer(815301076,1909f56bfc062723c751e8b465ee728b)  -> (artifact id: '6dc865d6090df801d5e154fe836c12a1') in 0.001193 seconds
Number of updated asset objects reloaded before import = 0
Number of asset objects unloaded after import = 0
========================================================================
Received Import Request.
  Time since last request: 113.533061 seconds.
  path: Assets/New Nahil/Level-2/L2-S1/L2-S1.unity
  artifactKey: Guid(e03213cf7c5b06e47abe6e5c3763bde4) Importer(815301076,1909f56bfc062723c751e8b465ee728b)
Start importing Assets/New Nahil/Level-2/L2-S1/L2-S1.unity using Guid(e03213cf7c5b06e47abe6e5c3763bde4) Importer(815301076,1909f56bfc062723c751e8b465ee728b)  -> (artifact id: 'fbf4a376e932521bcbba364e65324a8f') in 0.001283 seconds
Number of updated asset objects reloaded before import = 0
Number of asset objects unloaded after import = 0
========================================================================
Received Import Request.
  Time since last request: 5878.402746 seconds.
  path: Assets/New Nahil/Level-2/L2-S1/L2-S1.unity
  artifactKey: Guid(e03213cf7c5b06e47abe6e5c3763bde4) Importer(815301076,1909f56bfc062723c751e8b465ee728b)
Start importing Assets/New Nahil/Level-2/L2-S1/L2-S1.unity using Guid(e03213cf7c5b06e47abe6e5c3763bde4) Importer(815301076,1909f56bfc062723c751e8b465ee728b)  -> (artifact id: '9a12f490198a6c1883099860a0587fdf') in 0.007970 seconds
Number of updated asset objects reloaded before import = 0
Number of asset objects unloaded after import = 0
========================================================================
Received Import Request.
  Time since last request: 4.856203 seconds.
  path: Assets/New Nahil/Level-2/L2-S1/L2-S1-TimeLine
  artifactKey: Guid(32970d2e8c6ad1749b0d234fb6af8231) Importer(815301076,1909f56bfc062723c751e8b465ee728b)
Start importing Assets/New Nahil/Level-2/L2-S1/L2-S1-TimeLine using Guid(32970d2e8c6ad1749b0d234fb6af8231) Importer(815301076,1909f56bfc062723c751e8b465ee728b)  -> (artifact id: '10f10d883e22de819a9a63d2a46573e8') in 0.001250 seconds
Number of updated asset objects reloaded before import = 0
Number of asset objects unloaded after import = 0
========================================================================
Received Import Request.
  Time since last request: 0.097312 seconds.
  path: Assets/New Nahil/Level-2/L2-S1/L2-S1-TimeLine/Ascending Stairs.fbx
  artifactKey: Guid(cf44bc9f4bcc9264da98aa1acfa205c8) Importer(815301076,1909f56bfc062723c751e8b465ee728b)
Start importing Assets/New Nahil/Level-2/L2-S1/L2-S1-TimeLine/Ascending Stairs.fbx using Guid(cf44bc9f4bcc9264da98aa1acfa205c8) Importer(815301076,1909f56bfc062723c751e8b465ee728b)  -> (artifact id: '22e8da3140000b3f8a9de66849ea12f2') in 0.271140 seconds
Number of updated asset objects reloaded before import = 0
Number of asset objects unloaded after import = 135
========================================================================
Received Import Request.
  Time since last request: 0.000029 seconds.
  path: Assets/New Nahil/Level-2/L2-S1/L2-S1-TimeLine/TimeLine.playable
  artifactKey: Guid(27f18d458538172418ec5325f3a2eafb) Importer(815301076,1909f56bfc062723c751e8b465ee728b)
Start importing Assets/New Nahil/Level-2/L2-S1/L2-S1-TimeLine/TimeLine.playable using Guid(27f18d458538172418ec5325f3a2eafb) Importer(815301076,1909f56bfc062723c751e8b465ee728b)  -> (artifact id: '5d4cfc7cd1cbf083fb05f0ab104ef259') in 0.032394 seconds
Number of updated asset objects reloaded before import = 0
Number of asset objects unloaded after import = 7
========================================================================
Received Import Request.
  Time since last request: 0.000093 seconds.
  path: Assets/New Nahil/Level-2/L2-S1/L2-S1-TimeLine/Hand Raising.fbx
  artifactKey: Guid(a5e7f0865c1ae674daa7f5bd5834f7a8) Importer(815301076,1909f56bfc062723c751e8b465ee728b)
Start importing Assets/New Nahil/Level-2/L2-S1/L2-S1-TimeLine/Hand Raising.fbx using Guid(a5e7f0865c1ae674daa7f5bd5834f7a8) Importer(815301076,1909f56bfc062723c751e8b465ee728b)  -> (artifact id: '08c3b5caab558261e67c2ad0f8bc634c') in 0.010745 seconds
Number of updated asset objects reloaded before import = 0
Number of asset objects unloaded after import = 135
========================================================================
Received Import Request.
  Time since last request: 0.000031 seconds.
  path: Assets/New Nahil/Level-2/L2-S1/L2-S1-TimeLine/Walking Left Turn.fbx
  artifactKey: Guid(8e000324812659e4ab31b1e6ab99e7fb) Importer(815301076,1909f56bfc062723c751e8b465ee728b)
Start importing Assets/New Nahil/Level-2/L2-S1/L2-S1-TimeLine/Walking Left Turn.fbx using Guid(8e000324812659e4ab31b1e6ab99e7fb) Importer(815301076,1909f56bfc062723c751e8b465ee728b)  -> (artifact id: '479fe642d7ecc45c64a3911abb83bad3') in 0.008203 seconds
Number of updated asset objects reloaded before import = 0
Number of asset objects unloaded after import = 135
========================================================================
Received Import Request.
  Time since last request: 0.000033 seconds.
  path: Assets/New Nahil/Level-2/L2-S1/L2-S1-TimeLine/Descending Stairs.fbx
  artifactKey: Guid(c8c08ab5aea05a745944cf7d55c82f86) Importer(815301076,1909f56bfc062723c751e8b465ee728b)
Start importing Assets/New Nahil/Level-2/L2-S1/L2-S1-TimeLine/Descending Stairs.fbx using Guid(c8c08ab5aea05a745944cf7d55c82f86) Importer(815301076,1909f56bfc062723c751e8b465ee728b)  -> (artifact id: '91a73d62274f159b51a5a0365bdad378') in 0.008148 seconds
Number of updated asset objects reloaded before import = 0
Number of asset objects unloaded after import = 135
========================================================================
Received Import Request.
  Time since last request: 0.000027 seconds.
  path: Assets/New Nahil/Level-2/L2-S1/L2-S1-TimeLine/Talking.fbx
  artifactKey: Guid(e55ed773dbc762545b42eef444266036) Importer(815301076,1909f56bfc062723c751e8b465ee728b)
Start importing Assets/New Nahil/Level-2/L2-S1/L2-S1-TimeLine/Talking.fbx using Guid(e55ed773dbc762545b42eef444266036) Importer(815301076,1909f56bfc062723c751e8b465ee728b)  -> (artifact id: 'e49c12d22963878029d62384f42ee85f') in 0.009711 seconds
Number of updated asset objects reloaded before import = 0
Number of asset objects unloaded after import = 135
========================================================================
Received Import Request.
  Time since last request: 0.000024 seconds.
  path: Assets/New Nahil/Level-2/L2-S1/L2-S1-TimeLine/Looking Behind.fbx
  artifactKey: Guid(c373ea43814471e48b8996743efe6cd9) Importer(815301076,1909f56bfc062723c751e8b465ee728b)
Start importing Assets/New Nahil/Level-2/L2-S1/L2-S1-TimeLine/Looking Behind.fbx using Guid(c373ea43814471e48b8996743efe6cd9) Importer(815301076,1909f56bfc062723c751e8b465ee728b)  -> (artifact id: '90b5cfc8521bbace0c7961abd8fc533f') in 0.011578 seconds
Number of updated asset objects reloaded before import = 0
Number of asset objects unloaded after import = 135
========================================================================
Received Import Request.
  Time since last request: 0.000030 seconds.
  path: Assets/New Nahil/Level-2/L2-S1/L2-S1-TimeLine/Main Character Breathing Idle.fbx
  artifactKey: Guid(7b91c16f1b70caf46bce4dcc124c33e3) Importer(815301076,1909f56bfc062723c751e8b465ee728b)
Start importing Assets/New Nahil/Level-2/L2-S1/L2-S1-TimeLine/Main Character Breathing Idle.fbx using Guid(7b91c16f1b70caf46bce4dcc124c33e3) Importer(815301076,1909f56bfc062723c751e8b465ee728b)  -> (artifact id: 'ffd207c3d0fcbc626ec70fccc63da6c3') in 0.011008 seconds
Number of updated asset objects reloaded before import = 0
Number of asset objects unloaded after import = 135
Editor requested this worker to shutdown with reason: Scaling down because of idle timeout
TcpMessagingSession - receive error: operation aborted. errorcode: 995, details: The I/O operation has been aborted because of either a thread exit or an application request.
AssetImportWorker is now disconnected from the server
Process exiting
Exiting without the bug reporter. Application will terminate with return code 0